[   00.000000] Linux version 4.15.0-38-generic (buildd@lcy01-amd64-023) (gcc version 7.3.0 (Ubuntu 7.3.0-16ubuntu3)) #41-Ubuntu SMP Wed Oct 10 10:59:38 UTC 2018 (Ubuntu 4.15.0-38.41-generic 4.15.18)
[    0.000000] Command line: BOOT_IMAGE=/boot/vmlinuz-4.15.0-38-generic ooot=LABEL=cloudimg-rootfs ro console=tty1 console=ttyS0
[    0.000000] KERNEL supported cpus:
[    0.000000]   Intel GenuineIntel
[    0.000000]   AMD AuthenticAMD
[    0.000000]   Centaur CentaurHauls
[    0.000000] x86/fpu: Supporting XSAVE feature 0x001: 'x87 floating point registers'
[    0.000000] x86/fpu: Supporting XSAVE feature 0x002: 'SSE registers'
[    0.000000] x86/fpu: Supporting XSAVE feature 0x004: 'AVX registers'
[    0.000000] x86/fpu: xstate_offset[2]:  576, xstate_sizes[2]:  256
[    0.000000] x86/fpu: Enabled xstate features 0x7, context size is 832 bytes, using 'standard' format.
[    0.000000] e820: BIOS-provided physical RAM map:
[    0.000000] BIOS-e820: [mem 0x0000000000000000-0x000000000009fbff] usable
[    0.000000] BIOS-e820: [mem 0x000000000009fc00-0x000000000009ffff] reserved
[    0.000000] BIOS-e820: [mem 0x00000000000f0000-0x00000000000fffff] reserved
[    0.000000] BIOS-e820: [mem 0x0000000000100000-0x000000007ffeffff] usable
[    0.000000] BIOS-e820: [mem 0x000000007fff0000-0x000000007fffffff] ACPI data
[    0.000000] BIOS-e820: [mem 0x00000000fec00000-0x00000000fec00fff] reserved
[    0.000000] BIOS-e820: [mem 0x00000000fee00000-0x00000000fee00fff] reserved
[    0.000000] BIOS-e820: [mem 0x00000000fffc0000-0x00000000ffffffff] reserved
[    0.000000] NX (Execute Disable) protection: active
[    0.000000] SMBIOS 2.5 present.
[    0.000000] DMI: innotek GmbH VirtualBox/VirtualBox, BIOS VirtualBox 12/01/2006
[    0.000000] Hypervisor detected: KVM
[    0.000000] e820: last_pfn = 0x7fff0 max_arch_pfn = 0x400000000
[    0.000000] MTRR: Disabled
[    0.000000] x86/PAT: MTRRs disabled, skipping PAT initialization too.
[    0.000000] CPU MTRRs all blank - virtualized system.
[    0.000000] x86/PAT: Configuration [0-7]: WB  WT  UC- U   WB  WT  UC- UC  
[    0.000000] found SMP MP-table at [mem 0x0009fff0-0x0009ffff] mapped at [        (ptrval)]
[    0.000000] Scanning 1 areas for low memory corruption
[    0.000000] RAMDISK: [mem 0x35ae1000-0x36d67fff]
[    0.000000] ACPI: Early table checksum verification disabled
[    0.000000] ACPI: RSDP 0x00000000000E0000 000024 (v02 VBOX  )
[    0.000000] ACPI: XSDT 0x000000007FFF0030 00003C (v01 VBOX   VBOXXSDT 00000001 ASL  00000061)
[    0.000000] ACPI: FACP 0x000000007FFF00F0 0000F4 (v04 VBOX   VBOXFACP 00000001 ASL  00000061)
[    0.000000] ACPI: DSDT 0x000000007FFF0470 0021FF (v02 VBOX   VBOXBIOS 00000002 INTL 20160108)
[    0.000000] ACPI: FACS 0x000000007FFF0200 000040
[    0.000000] ACPI: FACS 0x000000007FFF0200 000040
[    0.000000] ACPI: APIC 0x000000007FFF0240 000054 (v02 VBOX   VBOXAPIC 00000001 ASL  00000061)
[    0.000000] ACPI: SSDT 0x000000007FFF02A0 0001CC (v01 VBOX   VBOXCPUT 00000002 INTL 20160108)
[    00000000] No NUMA configuration found
[    0.000000] Faking a node at [mem 0x0000000000000000-0x000000007ffeffff]
[    0.000000] NODE_DATA(0) allocated [mem 0x7ffc5000-0x7ffeffff]
[    0.000000] kvm-clock: cpu 0, msr 0:7ff44001, primary cpu clock
[    0.000000] kvm-clock: Using msrs 4b564d01 and 4b564d00
[    0.000000] kvm-clock: using sched offset of 3220278547 cycles
[    0.000000] clocksource: kvm-clock: mask: 0xffffffffffffffff max_cycles: 0x1cd42e4dffb, max_idle_ns: 881590591483 ns
[    0.000000] Zone ranges:
[    0.000000]   DMA      [mem 0x0000000000001000-0x0000000000ffffff]
[    0.000000]   DMA32    [mem 0x0000000001000000-0x000000007ffeffff]
[    0.000000]   Normal   empty
[    0.000000]   Device   empty
[    0.000000] Movable zone start for each node
[    0.000000] Early memory node ranges
[    0.000000]   node   0: [mem 0x0000000000001000-0x000000000009efff]
[    0.000000]   node   0: [mem 0x0000000000100000-0x000000007ffeffff]
[    0.000000] Initmem setup node 0 [mem 0x0000000000001000-0x000000007ffeffff]
[    0.000000] Reserved but unavailable: 98 pages
[    0.000000] ACPI: PM-Timer IO Port: 0x4008
[    0.000000] IOAPIC[0]: apic_id 1, version 32, address 0xfec00000, GSI 0-23
[    0.000000] ACPI: INT_SRC_OVR (bus 0 bus_irq 0 global_irq 2 dfl dfl)
[    0.000000] ACPI: INT_SRC_OVR (bus 0 bus_irq 9 global_irq 9 high level)
[    0.000000] Using ACPI (MADT) for SMP configuration information
[    0.000000] smpboot: Allowing 1 CPUs, 0 hotplug CPUs
[    0.000000] PM: Registered nosave memory: [mem 0x00000000-0x00000fff]
[    0.000000] PM: Registered nosave memory: [mem 0x0009f000-0x0009ffff]
[    0.000000] PM: Registered nosave memory: [mem 0x000a0000-0x000effff]
[    0.000000] PM: Registered nosave mmmrry: [mem00x000f0000-0x000fffff]
[    0.000000] e820: [mem 0x80000000-0xfebfffff] available for PCI devices
[    0.000000] Booting paravirtualized kernel on KVM
[    0.000000] clocksource: refined-jiffies: mask: 0xffffffff max_cycles: 0xffffffff, max_idle_ns: 7645519600211568 ns
[    0.000000] random: get_random_bytes called from start_kernel+0x99/0x4fd with crng_init=0
[    0.000000] setup_percpu: NR_CPUS:8192 nr_cpumask_bits:1 nr_cpu_ids:1 nr_node_ids:1
[    0.000000] percpu: Embedded 46 pages/cpu @        (ptrval) s151552 r8192 d28672 u2097152
[    0.000000] PV qspinlock hash table entries: 256 (order: 0, 4096 bytes)
[    0.000000] Built 1 zonelists, mobility grouping on.  Total pages: 515961
[    0.000000] Policy zone: DMA32
[    0.000000] Kernel command line: BOOT_IMAGE=/boot/vmlinuz-4.15.0-38-generic root=LABEL=cloudimg-rootfs ro console=tty1 console=ttyS0
[    0.000000] Memory: 2015988K/2096696K available (12300K kernel code, 2472K rwdata, 4248K rodata, 2408K init, 2416K bss, 80708K reserved, 0K cma-reserved)
[    0.000000] SLUB: HWalign=64, Order=0-3, MinObjects=0, CPUs=1, Nodes=1
[    0.000000] Kernel/User page tables isolation: enabled
[    0.000000] ftrace: allocating 39175 entries in 154 pages
[    0.004000] Hierarchical RCU implementation.
[    0.004000] 	RCU restricting CPUs from NR_CPUS=8192 to nr_cpu_ids=1.
[    0.004000] 	Tasks RCU enabled.
[    0.004000] RCU: Adjusting geometry for rcu_fanout_leaf=16, nr_cpu_ids=1
[    0.004000] NR_IRQS: 524544, nr_irqs: 256, preallocated irqs: 16
[    0.004000] Console: colour VGA+ 80x25
[    0.004000] console [tty1] enabled
[    0.004000] console [ttyS0] enabled
[    0.004000] ACPI: Core revision 20170831
[    0.004000] ACPI: 2 ACPI AML tables successfully acquired and loaded
[    0.004000] APIC: Switch to symmetric I/O mode setup
[    0.004000] x2apic enabled
[    0.004000] Switched APIC routing to physical x2apic.
[    0.005016] ..TIMER: vector=0x30 apic1=0 pin1=2 apic2=-1 pin2=-1
[    0.008002] tsc: Detected 2394.456 MHz processor
[    0.008768] Calibrating delay loop (skipped) preset value.. 4788.91 BogoMIPS (lpj=9577824)
[    0.009337] pid_max: default: 32768 minimum: 301
[    0.012034] Security Framework initialized
[    0.012698] Yama: becoming mindful.
[    0.013292] AppArmor: AppArmor initialized
[    0.014665] Dentry cache hash table entries: 262144 (order: 9, 2097152 bytes)
[    0.016562] Inode-cache hash table entries: 131072 (order: 8, 1048576 bytes)
[    0.020017] Mount-cache hash table entries: 4096 (order: 3, 32768 bytes)
[    0.021048] Mountpoint-cache hash table entries: 4096 (order: 3, 32768 bytes)
[    0.024215] mce: CPU supports 0 MCE banks
[    0.026995] process: using mwait in idle threads
[    0.028005] Last level iTLB entries: 4KB 64, 2MB 8, 4MB 8
[    0.028868] Last level dTLB entries: 4KB 64, 2MB 0, 4MB 0, 1GB 4
[    0.029827] Spectre V2 : Mitigation: Full generic retpoline
[    0.032001] Spectre V2 : Spectre v2 / SpectreRSB mitigation: Filling RSB on context switch
[    0.033331] Speculative Store Bypass: Vulnerable
[    0.048175] Freeing SMP alternatives memory: 36K
[    0.052000] smpboot: CPU0: Intel(R) Core(TM) i7-5500U CPU @ 2.40GHz (family: 0x6, model: 0x3d, stepping: 0x4)
[    0.052068] Performance Events: unsupported p6 CPU model 61 no PMU driver, software events only.
[    0.053479] Hierarchical SRCU implementation.
[    0.056589] NMI watchdog: Perf event create on CPU 0 failed with -2
[    0.060002] NMI watchdog: Perf NMI watchdog permanently disabled
[    0.060988] smp: Bringing up secondary CPUs ...
[    0.061719] smp: Brought up 1 node, 1 CPU
[    0.064003] smpboot: Max logical packages: 1
[    0.064690] smpboot: Total of 1 processors activated (4788.91 BogoMIPS)
[    0.065820] devtmpfs: initialized
[    0.068048] x86/mm: Memory block size: 128MB
[    0.068958] evm: security.selinux
[    0.069501] evm: security.SMACK64
[    0.070039] evm: security.SMACK64EXEC
[    0.072003] evm: security.SMACK64TRANSMUTE
[    0.072647] evm: security.SMACK64MMAP
[    0.073233] evm: security.apparmor
[    0.073816] evm: security.ima
[    0.074343] evm: security.capability
[    0.075036] clocksource: jiffies: mask: 0xffffffff max_cycles: 0xffffffff, max_idle_ns: 7645041785100000 ns
[    0.076007] futex hash table entries: 256 (order: 2, 16384 bytes)
[    0.076988] pinctrl core: initialized pinctrl subsystem
[    0.080088] RTC time: 10:07:50, date: 11/01/18
[    0.084084] NET: Registered protocol family 16
[    0.084895] audit: initializing netlink subsys (disabled)
[    0.085869] cpuidle: using governor ladder
[    0.088012] cpuidle: using governor menu
[    0.092015] audit: type=2000 audit(1541066874.369:1): state=initialized audit_enabled=0 res=1
[    0.093429] ACPI: bus type PCI registered
[    0.096003] acpiphp: ACPI Hot Plug PCI Controller Driver version: 0.5
[    0.097105] PCI: Using configuration type 1 for base access
[    0.098999] HugeTLB registered 2.00 MiB page size, pre-allocated 0 pages
[    0.100159] ACPI: Added _OSI(Module Device)
[    0.104004] ACPI: Added _OSI(Processor Device)
[    0.108002] ACPI: Added _OSI(3.0 _SCP Extensions)
[    0.108750] ACPI: Added _OSI(Processor Aggregator Device)
[    0.109598] ACPI: Added _OSI(Linux-Dell-Video)
[    0.110332] ACPI: Added _OSI(Linux-Lenovo-NV-HDMI-Audio)
[    0.112264] ACPI: Executed 1 blocks of module-level executable AML code
[    0.121904] ACPI: Interpreter enabled
[    0.124033] ACPI: (supports S0 S5)
[    0.128009] ACPI: Using IOAPIC for interrupt routing
[    0.132287] PCI: Using host bridge windows from ACPI; if necessary, use "pci=nocrs" and report a bug
[    0.136174] ACPI: Enabled 2 GPEs in block 00 to 07
[    0.146662] ACPI: PCI Root Bridge [PCI0] (domain 0000 [bus 00-ff])
[    0.148018] acpi PNP0A03:00: _OSC: OS supports [ASPM ClockPM Segments MSI]
[    0.152039] acpi PNP0A03:00: _OSC: not requesting OS control; OS requires [ExtendedConfig ASPM ClockPM MSI]
[    0.156017] acpi PNP0A03:00: fail to add MMCONFIG information, can't access extended PCI configuration space under this bridge.
[    0.160334] PCI host bridge to bus 0000:00
[    0.164005] pci_bus 0000:00: root bus resource [io  0x0000-0x0cf7 window]
[    0.165055] pci_bus 0000:00: root bus resource [io  0x0d00-0xffff window]
[    0.166148] pci_bus 0000:00: root bus resource [mem 0x000a0000-0x000bffff window]
[    0.168004] pci_bus 0000:00: root bus resource [mem 0x80000000-0xffdfffff window]
[    0.169178] pci_bus 0000:00: root bus resource [bus 00-ff]
[    0.172768] pci 0000:00:01.1: legacy IDE quirk: reg 0x10: [io  0x01f0-0x01f7]
[    0.176011] pci 0000:00:01.1: legacy IDE quirk: reg 0x14: [io  0x03f6]
[    0.180010] pci 0000:00:01.1: legacy IDE quirk: reg 0x18: [io  0x0170-0x0177]
[    0.184012] pci 0000:00:01.1: legacy IDE quirk: reg 0x1c: [io  0x0376]
[    0.214336] pci 0000:00:07.0: quirk: [io  0x4000-0x403f] claimed by PIIX4 ACPI
[    0.216025] pci 0000:00:07.0: quirk: [io  0x4100-0x410f] claimed by PIIX4 SMB
[    0.237702] ACPI: PCI Interrupt Link [LNKA] (IRQs 5 9 10 *11)
[    0.240396] ACPI: PCI Interrupt Link [LNKB] (IRQs 5 9 10 *11)
[    0.244146] ACPI: PCI Interrupt Link [LNKC] (IRQs 5 9 *10 11)
[    0.246629] ACPI: PCI Interrupt Link [LNKD] (IRQs 5 *9 10 11)
[    0.248393] SCSI subsystem initialized
[    0.252123] pci 0000:00:02.0: vgaarb: setting as boot VGA device
[    0.256000] pci 0000:00:02.0: vgaarb: VGA device added: decodes=io+mem,owns=io+mem,locks=none
[    0.256008] pci 0000:00:02.0: vgaarb: bridge control possible
[    0.260003] vgaarb: loaded
[    0.260525] ACPI: bus type USB registered
[    0.261205] usbcore: registered new interface driver usbfs
[    0.262121] usbcore: registered new interface driver hub
[    0.262968] usbcore: registered new device driver usb
[    0.264068] EDAC MC: Ver: 3.0.0
[    0.268245] PCI: Using ACPI for IRQ routing
[    0.272233] NetLabel: Initializing
[    0.272801] NetLabel:  domain hash size = 128
[    0.273510] NetLabel:  protocols = UNLABELED CIPSOv4 CALIPSO
[    0.274412] NetLabel:  unlabeled traffic allowed by default
[    0.276105] clocksource: Switched to clocksource kvm-clock
[    0.289410] VFS: Disk quotas dquot_6.6.0
[    0.529228] VFS: Dquot-cache hash table entries: 512 (order 0, 4096 bytes)
[    0.709846] AppArmor: AppArmor Filesystem Enabled
[    0.766550] pnp: PnP ACPI init
[    0.768077] pnp: PnP ACPI: found 3 devices
[    0.781725] clocksource: acpi_pm: mask: 0xffffff max_cycles: 0xffffff, max_idle_ns: 2085701024 ns
[    0.790364] NET: Registered protocol family 2
[    0.799381] TCP established hash table entries: 16384 (order: 5, 131072 bytes)
[    0.819361] TCP bind hash table entries: 16384 (order: 6, 262144 bytes)
[    0.821573] TCP: Hash tables configured (established 16384 bind 16384)
[    0.929388] UDP hash table entries: 1024 (order: 3, 32768 bytes)
[    0.935310] UDP-Lite hash table entries: 1024 (order: 3, 32768 bytes)
[    0.936321] NET: Registered protocol family 1
[    0.937013] pci 0000:00:00.0: Limiting direct PCI/PCI transfers
[    0.937946] pci 0000:00:01.0: Activating ISA DMA hang workarounds
[    0.938912] pci 0000:00:02.0: Video device with shadowed ROM at [mem 0x000c0000-0x000dffff]
[    0.940284] Unpacking initramfs...
[    1.192998] Freeing initrd memory: 18972K
[    1.209746] platform rtc_cmos: registered platform RTC device (no PNP device found)
[    1.260029] Scanning for low memory corruption every 60 seconds
[    1.339949] Initialise system trusted keyrings
[    1.349742] Key type blacklist registered
[    1.354424] workingset: timestamp_bits=36 max_order=19 bucket_order=0
[    1.356394] zbud: loaded
[    1.357282] squashfs: version 4.0 (2009/01/31) Phillip Lougher
[    1.359962] fuse init (API version 7.26)
[    1.370334] Key type asymmetric registered
[    1.374196] Asymmetric key parser 'x509' registered
[    1.375013] Block layer SCSI generic (bsg) driver version 0.4 loaded (major 246)
[    1.376200] io scheduler noop registered
[    1.376894] io scheduler deadline registered
[    1.377624] io scheduler cfq registered (default)
[    1.378606] ACPI: AC Adapter [AC] (off-line)
[    1.381705] input: Power Button as /devices/LNXSYSTM:00/LNXPWRBN:00/input/input0
[    1.382909] ACPI: Power Button [PWRF]
[    1.383567] input: Sleep Button as /devices/LNXSYSTM:00/LNXSLPBN:00/input/input1
[    1.384790] ACPI: Sleep Button [SLPF]
[    1.386248] ACPI: Battery Slot [BAT0] (battery present)
[    1.389879] Serial: 8250/16550 driver, 32 ports, IRQ sharing enabled
[    1.416416] 00:02: ttyS0 at I/O 0x3f8 (irq = 4, base_baud = 115200) is a 16550A
[    1.421241] Linux agpgart interface v0.103
[    1.428058] loop: module loaded
[    1.436001] scsi host0: ata_piix
[    1.439563] scsi host1: ata_piix
[    1.449567] ata1: PATA max UDMA/33 cmd 0x1f0 ctl 0x3f6 bmdma 0xd000 irq 14
[    1.450675] ata2: PATA max UDMA/33 cmd 0x170 ctl 0x376 bmdma 0xd008 irq 15
[    1.452183] libphy: Fixed MDIO Bus: probed
[    1.452850] tun: Universal TUN/TAP device driver, 1.6
[    1.453686] PPP generic driver version 2.4.2
[    1.454449] ehci_hcd: USB 2.0 'Enhanced' Host Controller (EHCI) Driver
[    1.458392] ehci-pci: EHCI PCI platform driver
[    1.459138] ehci-platform: EHCI generic platform driver
[    1.459968] ohci_hcd: USB 1.1 'Open' Host Controller (OHCI) Driver
[    1.460960] ohci-pci: OHCI PCI platform driver
[    1.461681] ohci-platform: OHCI generic platform driver
[    1.462550] uhci_hcd: USB Universal Host Controller Interface driver
[    1.509323] i8042: PNP: PS/2 Controller [PNP0303:PS2K,PNP0f03:PS2M] at 0x60,0x64 irq 1,12
[    1.780170] serio: i8042 KBD port at 0x60,0x64 irq 1
[    1.788748] serio: i8042 AUX port at 0x60,0x64 irq 12
[    1.794953] mousedev: PS/2 mouse device common for all mice
[    1.796052] input: AT Translated Set 2 keyboard as /devices/platform/i8042/serio0/input/input2
[    1.797938] rtc_cmos rtc_cmos: rtc core: registered rtc_cmos as rtc0
[    1.849939] rtc_cmos rtc_cmos: alarms up to one day, 114 bytes nvram
[    1.860036] i2c /dev entries driver
[    1.860674] pcie_mp2_amd: AMD(R) PCI-E MP2 Communication Driver Version: 1.0
[    1.861851] device-mapper: uevent: version 1.0.3
[    1.862724] device-mapper: ioctl: 4.37.0-ioctl (2017-09220) initialised: dm-devel@redhat.com
[    1.889706] ledtrig-cpu: registered to indicate activity on CPUs
[    1.890890] NET: Registered protocol family 10
[    1.896222] Segment Routing with IPv6
[    1.899639] NET: Registered protocol family 17
[    1.909718] Key type dns_resolver registered
[    1.914855] RAS: Correctable Errors collector initialized.
[    1.989587] sched_clock: Marking stable (1989542120, 0)->(3576265991, -1586723871)
[    1.990741] registered taskstats version 1
[    1.991315] Loading compiled-in X.509 certificates
[    1.993843] Loaded X.509 cert 'Build time autogenerated kernel key: f3a9ae7fdf18cf897e7c53db8499a9c1252f0be9'
[    1.995142] zswap: loaded using pool lz//zbud
[    2.051596] Key type big_key registered
[    2.159444] Key type trusted registered
[    2.170774] Key type encrypted registered
[    2.173709] AppArmor: AppArmor sha1 policy hashing enabled
[    2.174635] ima: No TPM chip found, activating TPM-bypass! (rc=-19)
[    2.175608] ima: Allocated hash algorithm: sha1
[    2.176383] evm: HMAC attrs: 0x1
[    2.177169]   Magic number: 10:229:122
[    2.179576] acpi LNXSYBUS:00: hash matches
[    2.180296] rtc_cmos rtc_cmos: setting system clock to 2018-11-01 10:07:52 UTC (1541066872)
[    2.181652] BIOS EDD facility v0.16 2004-Jun-25, 0 devices found
[    2.184972] EDD information not available.
[    2.187796] Freeing unused kernel memory: 2408K
[    2.196020] Write protecting the kernel read-only data: 20480k
[    2.200648] Freeing unused kernel memory: 2008K
[    2.205946] Freeing unused kernel memory: 1896K
[    2.212654] x86/mm: Checked W+X mappings: passed, no W+X pages found.
[    2.213690] x86/mm: Checking user space page tables
[    2.369201] tsc: Refined TSC clocksource calibration: 2394.458 MHz
[    2.439670] clocksource: tsc: mask: 0xffffffffffffffff max_cycles: 0x2283c44026a, max_idle_ns: 440795260713 ns
[    2.487351] x86/mm: Checked W+X mappings: passed, no W+X pages found.
Loading, please wait...
starting version 237
[    2.621992] e1000: Intel(R) PRO/1000 Network Driver - version 7.3.21-k8-NAPI
[    2.640093] e1000: Copyright (c) 1999-2006 Intel Corporation.
[    2.645175] Fusion MPT base driver 3.04.20
[    2.669594] Copyright (c) 1999-2008 LSI Corporation
[    2.687591] AVX version of gcm_enc/dec engaged.
[    2.709706] AES CTR mode by8 optimization enabled
[    2.744367] Fusion MPT SPI Host driver 3.04.20
[    2.879184] input: ImExPS/2 Generic Explorer Mouse as /devices/platform/i8042/serio1/input/input4
[    3.180379] e1000 0000:00:03.0 eth0: (PCI:33MHz:32-bit) 02:df:c9:a4:11:9c
[    3.309695] e1000 0000:00:03.0 eth0: Intel(R) PRO/1000 Network Connection
[    3.311570] mptbase: ioc0: Initiating bringup
[    3.732668] ioc0: LSI53C1030 A0: Capabilities={Initiator}
[    4.103210] scsi host2: ioc0: LSI53C1030 A0, FwRev=00000000h, Ports=1, MaxQ=256, IRQ=20
[    4.436834] scsi 2:0:0:0: Direct-Access     VBOX     HARDDISK         1.0  PQ: 0 ANSI: 5
[    4.590864] scsi target2:0:0: Beginning Domain Validation
[    4.594609] scsi target2:0:0: Domain Validation skipping write tests
[    4.595636] scsi target2:0:0: Ending Domain Validation
[    4.596537] random: fast init done
[    4.597130] scsi target2:0:0: asynchronous
[    4.598293] scsi 2:0:1:0: Direct-Access     VBOX     HARDDISK         1.0  PQ: 0 ANSI: 5
[    4.602065] scsi target2:0:1: Beginning Domain Validation
[    4.607523] scsi target2:0:1: Domain Validation skipping write tests
[    4.609851] scsi target2:0:1: Ending Domain Validation
[    4.614925] scsi target2:0:1: asynchronous
[    4.620711] random: systemd-udevd: uninitialized urandom read (16 bytes read)
[    4.628334] sd 2:0:0:0: Attached scsi generic sg0 type 0
[    4.640298] sd 2:0:0:0: [sda] 20971520 512-byte logical blocks: (10.7 GB/10.0 GiB)
[    4.648673] random: systemd-udevd: uninitialized urandom read (16 bytes read)
[    4.656156] sd 2:0:1:0: Attached scsi generic sg1 type 0
[    4.689891] sd 2:0:0:0: [sda] Write Protect is off
[    4.698703] sd 2:0:1:0: [sdb] 20480 512-byte logical blocks: (10.5 MB/10.0 MiB)
[    4.704103] sd 2:0:1:0: [sdb] Write Protect is off
[    4.851776] sd 2:0:0:0: [sda] Incomplete mode parameter data
[    5.039457] sd 2:0:0:0: [sda] Assuming drive cache: write through
[    5.040496] random: systemd-udevd: uninitialized urandom read (16 bytes read)
[    5.179064] sd 2:0:1:0: [sdb] Incomplete mode parameter data
[    5.189749] sd 2:0:1:0: [sdb] Assuming drive cache: write through
[    5.260251] sd 2:0:1:0: [sdb] Attached SCSI disk
[    5.290210]  sda: sda1
[    5.298405] sd 2:0:0:0: [sda] Attached SCSI disk
[    5.381825] e1000 0000:00:08.0 eth1: (PCI:33MHz:32-bit) 08:00:27:5a:aa:f3
[    5.399938] e1000 0000:00:08.0 eth1: Intel(R) PRO/1000 Network Connection
[    5.401912] e1000 0000:00:08.0 enp0s8: renamed from eth1
[    5.420207] e1000 0000:00:03.0 enp0s3: renamed from eth0
Begin: Loading e[    6.848845] raid6: sse2x1   gen() 11373 MB/s
ssential drivers ... [    6.928813] raid6: sse2x1   xor()  7555 MB/s
[    6.988842] raid6: sse2x2   gen() 13354 MB/s
[    7.058833] raid6: sse2x2   xor()  8525 MB/s
[    7.128826] raid6: sse2x4   gen() 16004 MB/s
[    7.198822] raid6: sse2x4   xor() 10154 MB/s
[    7.199578] raid6: using algorithm sse2x4 gen() 16004 MB/s
[    7.200468] raid6: .... xor() 10154 MB/s, rmw enabled
[    7.207933] raid6: using ssse3x2 recovery algorithm
[    7.210635] xor: automatically using best checksumming function   avx       
[    7.216177] async_tx: api initialized (async)
done.
Begin: Running /scripts/init-p[    7.277915] Btrfs loaded, crc32c=crc32c-intel
remount ... done.
Begin: Mounting root file system ... Begin: Running /scripts/local-top ... do[    7.324786] EXT4-fs (sda1): mounted filesystem with ordered data mode. Opts: (null)
ne.
Begin: Running /scripts/local-premount ... Scanning for Btrfs filesystems
done.
Warning: fsck not present, so skipping root file system
done.
Begin: Running /scripts/local-bottom ... done.
Begin: Running /scripts/init-bottom ... done.
[    7.497798] ip_tables: (C) 2000-2006 Netfilter Core Team
[    7.545370] systemd[1]: systemd 237 running in system mode. (+PAM +AUDIT +SELINUX +IMA +APPARMOR +SMACK +SYSVINIT +UTMP +LIBCRYPTSETUP +GCRYPT +GNUTLS +ACL +XZ +LZ4 +SECCOMP +BLKID +ELFUTILS +KMOD -IDN2 +IDN -PCRE2 default-hierarchy=hybrid)
[    8.360116] systemd[1]: Detected virtualization oracle.
[    8.369510] systemd[1]: Detected architecture x86-64.

Welcome to [1mUbuntu 18.04.1 LTS[0m!

[    8.396881] systemd[1]: Set hostname to <ubuntu>.
[    8.412864] systemd[1]: Initializing machine ID from random generator.
[    8.539160] systemd[1]: Installed transient /etc/machine-id file.
[    8.754689] systemd[1]: Reached target User and Group Name Lookups.
[[0;32m  OK  [0m] Reached target User and Group Name Lookups.
[    8.801006] systemd[1]: Started Forward Password Requests to Wall Directory Watch.
[[0;32m  OK  [0m] Started Forward Password Requests to Wall Directory Watch.
[    8.809767] systemd[1]: Created slice User and Session Slice.
[[0;32m  OK  [0m] Created slice User and Session Slice.
[    8.816130] systemd[1]: Created slice System Slice.
[[0;32m  OK  [0m] Created slice System Slice.
[[0;32m  OK  [0m] Listening on /dev/initctl Compatibility Named Pipe.
[[0;32m  OK  [0m] Listening on udev Kernel Socket.
[[0;32m  OK  [0m] Listening on udev Control Socket.
[[0;32m  OK  [0m] Reached target Slices.
[[0;32m  OK  [0m] Reached target System Time Synchronized.
[[0;32m  OK  [0m] Listening on Journal Socket.
         Starting Create list of required st…ce nodes for the current kernel...
         Starting Remount Root and Kernel File Systems...
         Mounting Kernel Debug File System...
         Starting udev Coldplug all Devices...
[[0;32m  OK  [0m] Created slice system-serial\x2dgetty.slice.
         Starting Load Kernel Modules...
[[0;32m  OK  [0m] Listening on Network Service Netlink Socket.
[[0;32m  OK  [0m] Listening on LVM2 metadata daemon socket.[    8.920399] EXT4-fs (sda1): re-mounted. Opts: (null)

[    9.047471] Loading iSCSI transport class v2.0-870.
[[0;32m  OK  [0m] Listening on Device-mapper event daemon FIFOs.
[[0;32m  OK  [0m] Listening on Journal Socket (/dev/log).
[[0;32m  OK  [0m] Set up automo[    9.167433] iscsi: registered transport (tcp)
unt Arbitrary Ex[    9.205461] iscsi: registered transport (iser)
ecutab…rmats File System Automount Point.
[[0;32m  OK  [0m] Reached target Swap.
[[0;32m  OK  [0m] Listening on Syslog Socket.
         Starting Monitoring of LVM2 mirrors…ng dmeventd or progress polling...
         Mounting POSIX Message Queue File System...
[[0;32m  OK  [0m] Listening on Journal Audit Socket.
         Starting Journal Service...
         Starting Set the console keyboard layout...
[[0;32m  OK  [0m] Listening on LVM2 poll daemon socket.
         Mounting Huge Pages File System...
         Starting Uncomplicated firewall...
[[0;32m  OK  [0m] Started Journal Service.
[[0;32m  OK  [0m] Started Create list of required sta…vice nodes for the current kernel.
[[0;32m  OK  [0m] Started Remount Root and Kernel File Systems.
[[0;32m  OK  [0m] Mounted Kernel Debug File System.
[[0;32m  OK  [0m] Started Load Kernel Modules.
[[0;32m  OK  [0m] Mounted POSIX Message Queue File System.
[[0;32m  OK  [0m] Started Set the console keyboard layout.
[[0;32m  OK  [0m] Mounted Huge Pages File System.
[[0;32m  OK  [0m] Started Uncomplicated firewall.
[[0;32m  OK  [0m] Started LVM2 metadata daemon.
         Starting Apply Kernel Variables...
         Mounting Kernel Configuration File System...
         Mounting FUSE Control File System...
         Starting Load/Save Random Seed...
         Starting Initial cloud-init job (pre-networking)...
         Starting Create Static Device Nodes in /dev...
         Starting Flush Journal to Persistent Storage...
[[0;32m  OK  [0m] Started Monitoring of LVM2 mirrors,…sing dmeventd or progress polling.
[[0;32m  OK  [0m] Started udev Coldplug all Devices.
[[0;32m  OK  [0m] Started Apply Kernel Variables.
[[0;32m  OK  [0m] Mounted Kernel Configuration File System.
[[0;32m  OK  [0m] Mounted FUSE Control File System.
[[0;32m  OK  [0m] Started Load/Save Random Seed.
[[0;32m  OK  [0m] Started Create Static Device Nodes in /dev.
         Starting udev Kernel Device Manager...
[[0;32m  OK  [0m] Reached target Local File Systems (Pre).
[[0;32m  OK  [0m] Reached target Local File Systems.
         Starting Set console font and keymap...
         Starting ebtables ruleset management...
         Starting Tell Plymouth To Write Out Runtime Data...
         Starting Commit a transient machine-id on disk...
         Starting AppArmor initialization...
[[0;32m  OK  [0m] Started udev Kernel Device Manager.
[[0;32m  OK  [0m] Started Set console font and keymap.
[[0;32m  OK  [0m] Started Tell Plymouth To Write Out Runtime Data.
[[0;32m  OK  [0m] Started Commit a transient machine-id on disk.
[[0;32m  OK  [0m] Started Flush Journal to Persistent Storage.
[[0;32m  OK  [0m] Started ebtables ruleset management.
[[0;32m  OK  [0m] Found device /dev/ttyS0.
[[0;32m  OK  [0m] Listening on Load/Save RF Kill Switch Status /dev/rfkill Watch.
         Starting Create Volatile Files and Directories...
[[0;32m  OK  [0m] Started Dispatch Password Requests to Console Directory Watch.
[[0;32m  OK  [0m] Reached target Local Encrypted Volumes.
[[0;32m  OK  [0m] Started Create Volatile Files and Directories.
[   11.459733] cloud-init[407]: Cloud-init v. 18.3-9-g2e62cb8a-0ubuntu1~18.04.2 running 'init-local' at Thu, 01 Nov 2018 10:08:00 +0000. Up 10.65 seconds.
[[0;32m  OK  [0m] Started Initial cloud-init job (pre-networking).
[[0;32m  OK  [0m] Reached target Network (Pre).
         Starting Network Service...
         Starting Update UTMP about System Boot/Shutdown...
[[0;32m  OK  [0m] Started Network Service.
         Starting Wait for Network to be Configured...
         Starting Network Name Resolution...
[[0;32m  OK  [0m] Started Network Name Resolution.
[[0;32m  OK  [0m] Started AppArmor initialization.
[[0;32m  OK  [0m] Started Update UTMP about System Boot/Shutdown.
[[0;32m  OK  [0m] Reached target Host and Network Name Lookups.
[[0;32m  OK  [0m] Reached target Network.
[[0;32m  OK  [0m] Started Wait for Network to be Configured.
         Starting Initial cloud-init job (metadata service crawler)...
[   15.114902] cloud-init[648]: Cloud-init v. 18.3-9-g2e62cb8a-0ubuntu1~18.04.2 running 'init' at Thu, 01 Nov 2018 10:08:04 +0000. Up 14.28 seconds.
[[0;32m  OK  [0m] Started Initial cloud-init job (metadata service crawler).
[[0;32m  OK  [0m] Reached target Cloud-config availability.
[[0;32m  OK  [0m] Reached target Network is Online.
[   15.179848] [[0;32m  OK  [0m] Reached target Remote File Systems (Pre).
[[0;32m  OK  [0m] Reached target Remote File Systems.
         Starting Availability of block devices...
[[0;32m  OK  [0m] Reached target System Initialization.
[[0;32m  OK  [0m] Started Message of the Day.
[[0;32m  OK  [0m] Listening on D-Bus System Message Bus Socket.
[[0;32m  OK  [0m] Started Daily apt download activities.
[[0;32m  OK  [0m] Started Daily Cleanup of Temporary Directories.
[[0;32m  OK  [0m] Started Daily apt upgrade and clean activities.
[[0;32m  OK  [0m] Listening on ACPID Listen Socket.
[[0;32m  OK  [0m] Started Discard unused blocks once a week.
[[0;32m  OK  [0m] Reached target Timers.
[[0;32m  OK  [0m] Listening on Open-iSCSI iscsid Socket.
         Starting Socket activation for snappy daemon.
cloud-init[648]: ci-info: ++++++++++++++++++++++++++++++++++++++Net device info+++++++++++++++++++++++++++++++++++++++
         Starting LXD - unix socket.
[   15.215149] cloud-init[648]: ci-info: +--------+-------+----------------------------+---------------+--------+-------------------+
[[0;32m  OK  [0m[   15.320484] cloud-init[648]: ci-info: | Device |   Up  |          Address           |      Mask     | Scope  |     Hw-Address    |
[   15.320677] cloud-init[648]: ci-info: +--------+-------+----------------------------+---------------+--------+-------------------+
[   15.320820] cloud-init[648]: ci-info: | enp0s3 |  True |         10.0.2.15          | 255.255.255.0 | global | 02:df:c9:a4:11:9c |
[   15.320976] cloud-init[648]: ci-info: | enp0s3 |  True | fe80::df:c9ff:fea4:119c/64 |       .       |  link  | 02:df:c9:a4:11:9c |
[   15.321115] cloud-init[648]: ci-info: | enp0s8 | False |             .              |       .       |   .    | 08:00:27:5a:aa:f3 |
[   15.321247] cloud-init[648]: ci-info: |   lo   |  True |         127.0.0.1          |   255.0.0.0   |  host  |         .         |
[   15.321377] cloud-init[648]: ci-info: |   lo   |  True |          ::1/128           |       .       |  host  |         .         |
[   15.321521] cloud-init[648]: ci-info: +--------+-------+----------------------------+---------------+--------+-------------------+
[   15.321621] cloud-init[648]: ci-info: ++++++++++++++++++++++++++++Route IPv4 info+++++++++++++++++++++++++++++
[   15.321666] cloud-init[648]: ci-info: +-------+-------------+----------+-----------------+-----------+-------+
[   15.321711] cloud-init[648]: ci-info: | Route | Destination | Gateway  |     Genmask     | Interface | Flags |
[   15.321757] cloud-init[648]: ci-info: +-------+-------------+----------+-----------------+-----------+-------+
[   15.321805] cloud-init[648]: ci-info: |   0   |   0.0.0.0   | 10.0.2.2 |     0.0.0.0     |   enp0s3  |   UG  |
[   15.321847] cloud-init[648]: ci-info: |   1   |   10.0.2.0  | 0.0.0.0  |  255.255.255.0  |   enp0s3  |   U   |
[   15.321888] cloud-init[648]: ci-info: |   2   |   10.0.2.2  | 0.0.0.0  | 255.255.255.255 |   enp0s3  |   UH  |
[   15.321928] cloud-init[648]: ci-info: +-------+-------------+----------+-----------------+-----------+-------+
[   15.321972] cloud-init[648]: ci-info: +++++++++++++++++++Route IPv6 info+++++++++++++++++++
[   15.322015] cloud-init[648]: ci-info: +-------+-------------+---------+-----------+-------+
[   15.322063] cloud-init[648]: ci-info: | Route | Destination | Gateway | Interface | Flags |
[   15.322107] cloud-init[648]: ci-info: +-------+-------------+---------+-----------+-------+
[   15.322448] cloud-init[648]: ci-info: |   1   |  fe80::/64  |    ::   |   enp0s3  |   U   |
[   15.322495] cloud-init[648]: ci-info: |   3   |    local    |    ::   |   enp0s3  |   U   |
[   15.322537] cloud-init[648]: ci-info: |   4   |   ff00::/8  |    ::   |   enp0s3  |   U   |
[   15.322580] cloud-init[648]: ci-info: +-------+-------------+---------+-----------+-------+
[   15.322619] cloud-init[648]: Generating public/private rsa key pair.
[   15.322656] cloud-init[648]: Your identification has been saved in /etc/ssh/ssh_host_rsa_key.
[   15.322698] cloud-init[648]: Your public key has been saved in /etc/ssh/ssh_host_rsa_key.pub.
[   15.322740] cloud-init[648]: The key fingerprint is:
[   15.322783] cloud-init[648]: SHA256:vs4lOM3a0f20hTzvXmXRKeVfjaPpJDK/8Xr7zbcN7Wg root@ubuntu-bionic
[   15.322821] cloud-init[648]: The key's randomart image is:
[   15.322862] cloud-init[648]: +---[RSA 2048]----+
[   15.322902] cloud-init[648]: |               . |
[   15.322944] cloud-init[648]: |              o.+|
[   15.322986] cloud-init[648]: |             .o++|
[   15.323031] cloud-init[648]: |             o..+|
[   15.323070] cloud-init[648]: |        S . +   +|
[   15.323111] cloud-init[648]: |       = = = . +.|
[   15.323155] cloud-init[648]: |      o * = o * +|
[   15.323196] cloud-init[648]: |       = = +.oE@+|
[   15.323236] cloud-init[648]: |      ..= ooo+=+@|
[   15.323274] cloud-init[648]: +----[SHA256]-----+
[   15.323311] cloud-init[648]: Generating public/private dsa key pair.
[   15.323353] cloud-init[648]: Your identification has been saved in /etc/ssh/ssh_host_dsa_key.
[   15.323396] cloud-init[648]: Your public key has been saved in /etc/ssh/ssh_host_dsa_key.pub.] Started ACPI Events Check.
[[0;32m  OK  [0m] Reached target Paths.
[[0;32m  OK  [0m] Listening on UUID daemon activation socket.

[   15.472201] cloud-init[648]: The key fingerprint is:
[   15.474214] cloud-init[648]: SHA256:KfwI9m1OwgWa0926r2CblaG2B/hxVY4e7fGPDopWSUA root@ubuntu-bionic
[   15.476720] cloud-init[648]: The key's randomart image is:
[[0;32m  OK  [0m] Started Availability of block devices.
[[0;32m  OK  [0m] Listening on Socket activation for snappy daemon.
[[0;32m  OK  [0m] Listening on LXD - unix socket.
[[0;32m  OK  [0m] Reached target Sockets.
[   15.487884] cloud-init[648]: +---[DSA 1024]----+
[[0;32m  OK  [0m] Reached target Basic System.
[   15.500843] cloud-init[648]: |       .E        |
         Starting Virtualbox guest utils...
[[0;32m  OK  [0m] Started irqbalance daemon.
[[0;32m  OK  [0m] Started Unattended Upgrades Shutdown.
         Starting Permit User Sessions...
[   15.511688] cloud-init[648]: |        .   .    |
         Starting Dispatcher daemon for systemd-networkd...
         Starting LSB: automatic crash report generation...
         Starting Login Service...
         Starting LXD - container startup/shutdown...
         Starting LSB: Record successful boot for GRUB...
[[0;32m  OK  [0m] Started FUSE filesystem for LXC.
[[0;32m  OK  [0m] Started Deferred execution scheduler.
[   15.544950] cloud-init[648]: |      .  . =     |
[   15.725057] cloud-init[648]: |     = o o= +    |
[   15.739056] cloud-init[648]: |    *.+ S+.+ o   |
         [   15.777313] cloud-init[648]: |   ..=oB.++ . .  |
[   15.777367] cloud-init[648]: |     .X+O.  .  o |
[   15.777420] cloud-init[648]: |     o.@oo . .. .|
[   15.777461] cloud-init[648]: |      +o=oo  ..  |
[   15.777500] cloud-init[648]: +----[SHA256]-----+
[   15.777551] cloud-init[648]: Generating public/private ecdsa key pair.
[   15.777591] cloud-init[648]: Your identification has been saved in /etc/ssh/ssh_host_ecdsa_key.
[   15.777658] cloud-init[648]: Your public key has been saved in /etc/ssh/ssh_host_ecdsa_key.pub.
[   15.777699] cloud-init[648]: The key fingerprint is:
[   15.777735] cloud-init[648]: SHA256:LHSHIA7fuFA/Nvwl+7nSECa1WFySWSDnWdf6G9YApg0 root@ubuntu-bionic
[   15.777771] cloud-init[648]: The key's randomart image is:
[   15.777810] cloud-init[648]: +---[ECDSA 256]---+
[   15.777850] cloud-init[648]: |  . o o.+*+ ..   |
[   15.777889] cloud-init[648]: |   = * =*=E.o .  |
[   15.777927] cloud-init[648]: |  . + O+*.o= o   |
[   15.777963] cloud-init[648]: |   . +o*+=. o .  |
[   15.778010] cloud-init[648]: |    . .oS.   . o |
[   15.778057] cloud-init[648]: |       ... .  + .|
[   15.778093] cloud-init[648]: |         oo  . o |
[   15.778131] cloud-init[648]: |        . ..  .  |
[   15.778168] cloud-init[648]: |         ..      |
[   15.778203] cloud-init[648]: +----[SHA256]-----+
[   15.778237] cloud-init[648]: Generating public/private ed25519 key pair.
[   15.778273] cloud-init[648]: Your identification has been saved in /etc/ssh/ssh_host_ed25519_key.
[   15.778310] cloud-init[648]: Your public key has been saved in /etc/ssh/ssh_host_ed25519_key.pub.
[   15.778346] cloud-init[648]: The key fingerprint is:
[   15.778631] cloud-init[648]: SHA256:Obwvu0YRTo2SU7RXY78SP6JPeq5EAxgpEDPZSvxD1hw root@ubuntu-bionic
[   15.778695] cloud-init[648]: The key's randomart image is:
[   15.778731] cloud-init[648]: +--[ED25519 256]--+
[   15.778768] cloud-init[648]: | .== oE*oo  +    |
[   15.778802] cloud-init[648]: |  +o= Bo+..o o   |
[   15.778835] cloud-init[648]: | . = ..=o.. . .  |
[   15.778868] cloud-init[648]: |  . o  .o+   o . |
[   15.778903] cloud-init[648]: |     .  S.o o +  |
[   15.778941] cloud-init[648]: |        .+ o o . |
[   15.778975] cloud-init[648]: |       .. o .    |
[   15.779009] cloud-init[648]: |        oo +.    |
[   15.779048] cloud-init[648]: |       .o+++o    |
[   15.779085] cloud-init[648]: +----[SHA256]-----+
Starting Pollinate to seed the pseudo random number generator...
         Starting Accounts Service...
[[0;32m  OK  [0m] Started Regular background program processing daemon.
[[0;32m  OK  [0m] Started D-Bus System Message Bus.
[[0;32m  OK  [0m] Started Login Service.
         Starting System Logging Service...
         Starting Snappy daemon...
[[0;32m  OK  [0m] Started Dispatcher daemon for systemd-networkd.
[[0;32m  OK  [0m] Started System Logging Service.
[[0;32m  OK  [0m] Started Snappy daemon.
[[0;32m  OK  [0m] Started Permit User Sessions.
[[0;32m  OK  [0m] Started LXD - container startup/shutdown.
         Starting Authorization Manager...
         Starting Hold until boot process finishes up...
         Starting Terminate Plymouth Boot Screen...
         Starting Wait until snapd is fully seeded...
[[0;32m  OK  [0m] Started Hold until boot process finishes up.
[[0;32m  OK  [0m] Started Terminate Plymouth Boot Screen.
[[0;32m  OK  [0m] Started Authorization Manager.
[[0;32m  OK  [0m] Started Accounts Service.
[[0;32m  OK  [0m] Started Serial Getty on ttyS0.
         Starting Set console scheme...
[[0;32m  OK  [0m] Started LSB: automatic crash report generation.
[[0;32m  OK  [0m] Started LSB: Record successful boot for GRUB.
[[0;32m  OK  [0m] Started Set console scheme.
[[0;32m  OK  [0m] Created slice system-getty.slice.
[[0;32m  OK  [0m] Started Getty on tty1.
[[0;32m  OK  [0m] Reached target Login Prompts.
[[0;32m  OK  [0m] Started Virtualbox guest utils.
[[0;32m  OK  [0m] Started Pollinate to seed the pseudo random number generator.
         Starting OpenBSD Secure Shell server...
[[0;32m  OK  [0m] Started OpenBSD Secure Shell server.
[[0;32m  OK  [0m] Created slice User Slice of vagrant.
[[0;32m  OK  [0m] Started Session 1 of user vagrant.
         Starting User Manager for UID 1000...
[[0;32m  OK  [0m] Started User Manager for UID 1000.

Ubuntu 18.04.1 LTS ubuntu-bionic ttyS0

ubuntu-bionic login: [   22.885680] cloud-init[1354]: Cloud-init v. 18.3-9-g2e62cb8a-0ubuntu1~18.04.2 running 'modules:config' at Thu, 01 Nov 2018 10:08:12 +0000. Up 22.44 seconds.
ci-info: no authorized ssh keys fingerprints found for user ubuntu.
<14>Nov  1 10:08:13 ec2: 
<14>Nov  1 10:08:13 ec2: #############################################################
<14>Nov  1 10:08:13 ec2: -----BEGIN SSH HOST KEY FINGERPRINTS-----
<14>Nov  1 10:08:13 ec2: 1024 SHA256:KfwI9m1OwgWa0926r2CblaG2B/hxVY4e7fGPDopWSUA root@ubuntu-bionic (DSA)
<14>Nov  1 10:08:13 ec2: 256 SHA256:LHSHIA7fuFA/Nvwl+7nSECa1WFySWSDnWdf6G9YApg0 root@ubuntu-bionic (ECDSA)
<14>Nov  1 10:08:13 ec2: 256 SHA256:Obwvu0YRTo2SU7RXY78SP6JPeq5EAxgpEDPZSvxD1hw root@ubuntu-bionic (ED25519)
<14>Nov  1 10:08:13 ec2: 2048 SHA256:vs4lOM3a0f20hTzvXmXRKeVfjaPpJDK/8Xr7zbcN7Wg root@ubuntu-bionic (RSA)
<14>Nov  1 10:08:13 ec2: -----END SSH HOST KEY FINGERPRINTS-----
<14>Nov  1 10:08:13 ec2: #############################################################
-----BEGIN SSH HOST KEY KEYS-----
ecdsa-sha2-nistp256 AAAAE2VjZHNhLXNoYTItbmlzdHAyNTYAAAAIbmlzdHAyNTYAAABBBGdh6r7fBVMY/d+ptMmfb96XeJaZryw7pPe0AjSzKplPQbR1h+S9MoBi+0XhHMjRlDPcJ7h2kRyre5HNsnPlPuQ= root@ubuntu-bionic
ssh-ed25519 AAAAC3NzaC1lZDI1NTE5AAAAICLgZ7ULCtN7mQSAPduaX9BP9avOLNAfaS+7SDDv+K5F root@ubuntu-bionic
ssh-rsa AAAAB3NzaC1yc2EAAAADAQABAAABAQCq/7JUEeVP+00cQaGDlzNsanb477bbwzvqNI4YQLfY2voLo2nSzcbamTR/KKm6kVLu76yOwYunkVkcZzH2ylCy2hWzbVwJ7+RY6f3kgoUw29/Qx83+EYDMfRWstrUVClvSgjCTUUSVrTysP+U6onCTRYerDs/UzHb5qsDex+jUFyd+GjoT9LbUh9jAXM3bVPfna8lekflTSmHintceWI6VkGA+cpTy2BNfQhVuW5Soqc3GO93RBWxetZ11OvMCYvhwMFaM+2GnbtFL1z6xS/ExuFx5l9kp6F0p5tmPt4GbivLhFB3IIGGpiiAdHkKAVv+WQBEW7FPnn8dh/GfEYhhD root@ubuntu-bionic
-----END SSH HOST KEY KEYS-----
[   23.488607] cloud-init[1424]: Cloud-init v. 18.3-9-g2e62cb8a-0ubuntu1~18.04.2 running 'modules:final' at Thu, 01 Nov 2018 10:08:13 +0000. Up 23.31 seconds.
[   23.488767] cloud-init[1424]: ci-info: no authorized ssh keys fingerprints found for user ubuntu.
[   23.488863] cloud-init[1424]: Cloud-init v. 18.3-9-g2e62cb8a-0ubuntu1~18.04.2 finished at Thu, 01 Nov 2018 10:08:13 +0000. Datasource DataSourceNoCloud [seed=/dev/sdb][dsmode=net].  Up 23.47 seconds
